[2018-03-10 21:14:14,639] multiqc                                            [DEBUG  ]  No MultiQC config found: /homes/local/lib/python3.5/dist-packages/multiqc_config.yaml
[2018-03-10 21:14:14,639] multiqc                                            [DEBUG  ]  No MultiQC config found: /homes/schweike/.multiqc_config.yaml
[2018-03-10 21:14:14,639] multiqc                                            [DEBUG  ]  No MultiQC config found: multiqc_config.yaml
[2018-03-10 21:14:14,640] multiqc                                            [DEBUG  ]  Command used: /usr/local/bin/multiqc .
[2018-03-10 21:14:14,704] multiqc                                            [WARNING]  MultiQC Version v1.4 now available!
[2018-03-10 21:14:14,704] multiqc                                            [INFO   ]  This is MultiQC v1.2
[2018-03-10 21:14:14,704] multiqc                                            [DEBUG  ]  Command     : /usr/local/bin/multiqc .
[2018-03-10 21:14:14,704] multiqc                                            [DEBUG  ]  Working dir : /homes/schweike/genomes/human/Epigenomics/EpiCourse2018_Data/Bowtie2
[2018-03-10 21:14:14,704] multiqc                                            [INFO   ]  Template    : default
[2018-03-10 21:14:14,705] multiqc                                            [INFO   ]  Searching '.'
[2018-03-10 21:14:14,706] multiqc                                            [DEBUG  ]  Analysing modules: afterqc, custom_content, conpair, peddy, methylQA, qualimap, preseq, quast, qorts, rna_seqc, rseqc, busco, goleft_indexcov, disambiguate, homer, macs2, theta2, snpeff, gatk, htseq, bcftools, featureCounts, picard, prokka, samblaster, samtools, bamtools, jellyfish, vcftools, bismark, hicup, salmon, kallisto, slamdunk, star, hisat2, tophat, bowtie2, bowtie1, leehom, adapterRemoval, cutadapt, flexbar, trimmomatic, skewer, sortmerna, biobloomtools, fastq_screen, fastqc, clusterflow, bcl2fastq
[2018-03-10 21:14:14,706] multiqc                                            [DEBUG  ]  Using temporary directory for creating report: /tmp/tmppppdz7mj
[2018-03-10 21:14:14,855] multiqc                                            [DEBUG  ]  Ignoring file as matched an ignore pattern: chr19-H1-Input-2_fastqc.html
[2018-03-10 21:14:14,879] multiqc                                            [DEBUG  ]  Ignoring file as matched an ignore pattern: chr19-IMR90-H3K4me3-1.bam
[2018-03-10 21:14:14,880] multiqc                                            [DEBUG  ]  Ignoring file as matched an ignore pattern: chr19-H1-Input_fastqc.html
[2018-03-10 21:14:14,894] multiqc                                            [DEBUG  ]  Ignoring file as matched an ignore pattern: chr19-H1-H3K4me3-3.bam
[2018-03-10 21:14:14,894] multiqc                                            [DEBUG  ]  Ignoring file as matched an ignore pattern: chr19-IMR90-H3K4me3-2_fastqc.html
[2018-03-10 21:14:14,896] multiqc                                            [DEBUG  ]  Ignoring file as matched an ignore pattern: chr19-H1-H3K4me3-1_fastqc.html
[2018-03-10 21:14:14,925] multiqc                                            [DEBUG  ]  Ignoring file as matched an ignore pattern: chr19-H1-H3K4me3-3_fastqc.html
[2018-03-10 21:14:14,926] multiqc                                            [DEBUG  ]  Ignoring file as matched an ignore pattern: chr19-H1-H3K4me3-2.bam
[2018-03-10 21:14:14,926] multiqc                                            [DEBUG  ]  Ignoring file as matched an ignore pattern: chr19-IMR90-Input.bam
[2018-03-10 21:14:14,938] multiqc                                            [DEBUG  ]  Ignoring file as matched an ignore pattern: chr19-H1-H3K4me3-1.bam
[2018-03-10 21:14:14,939] multiqc                                            [DEBUG  ]  Ignoring file as matched an ignore pattern: chr19-H1-H3K4me3-2_fastqc.html
[2018-03-10 21:14:14,941] multiqc                                            [DEBUG  ]  Ignoring file as matched an ignore pattern: chr19-IMR90-H3K4me3-1_fastqc.html
[2018-03-10 21:14:14,942] multiqc                                            [DEBUG  ]  Ignoring file as matched an ignore pattern: chr19-IMR90-H3K4me3-2.bam
[2018-03-10 21:14:14,954] multiqc                                            [DEBUG  ]  Ignoring file as matched an ignore pattern: chr19-IMR90-Input_fastqc.html
[2018-03-10 21:14:14,954] multiqc                                            [DEBUG  ]  Ignoring file as matched an ignore pattern: chr19-H1-Input.bam
[2018-03-10 21:14:14,980] multiqc                                            [DEBUG  ]  Ignoring file as matched an ignore pattern: chr19-H1-Input-2.bam
[2018-03-10 21:14:15,425] multiqc.modules.afterqc.afterqc                    [DEBUG  ]  Could not find any reports in ('.',)
[2018-03-10 21:14:15,438] multiqc.modules.custom_content.custom_content      [DEBUG  ]  No custom content found
[2018-03-10 21:14:15,446] multiqc.modules.conpair.conpair                    [DEBUG  ]  Could not find any reports in ('.',)
[2018-03-10 21:14:15,454] multiqc.modules.peddy.peddy                        [DEBUG  ]  Could not find any reports in ('.',)
[2018-03-10 21:14:15,461] multiqc.modules.methylQA.methylQA                  [DEBUG  ]  Could not find any reports in ('.',)
[2018-03-10 21:14:15,471] multiqc.modules.qualimap.QM_BamQC                  [DEBUG  ]  Using default Qualimap thresholds: 1, 5, 10, 30, 50
[2018-03-10 21:14:15,471] multiqc.modules.qualimap.qualimap                  [DEBUG  ]  Could not find any reports in ('.',)
[2018-03-10 21:14:15,479] multiqc.modules.preseq.preseq                      [DEBUG  ]  Could not find any preseq data in ('.',)
[2018-03-10 21:14:15,486] multiqc.modules.quast.quast                        [DEBUG  ]  Could not find any reports in ('.',)
[2018-03-10 21:14:15,495] multiqc.modules.qorts.qorts                        [DEBUG  ]  Could not find any QoRTs data in ('.',)
[2018-03-10 21:14:15,506] multiqc.modules.rna_seqc.rna_seqc                  [DEBUG  ]  Could not find any RNA-SeQC data in ('.',)
[2018-03-10 21:14:15,522] multiqc.modules.rseqc.rseqc                        [DEBUG  ]  Could not find any reports in ('.',)
[2018-03-10 21:14:15,531] multiqc.modules.busco.busco                        [DEBUG  ]  Could not find any reports in ('.',)
[2018-03-10 21:14:15,539] multiqc.modules.goleft_indexcov.goleft_indexcov    [DEBUG  ]  Did not find goleft indexcov outputs in ('.',)
[2018-03-10 21:14:15,547] multiqc.modules.disambiguate.disambiguate          [DEBUG  ]  Could not find any data in ('.',)
[2018-03-10 21:14:15,555] multiqc.modules.homer.homer                        [DEBUG  ]  Could not find any reports in ('.',)
[2018-03-10 21:14:15,564] multiqc.modules.macs2.macs2                        [DEBUG  ]  Could not find any MACS2 data in ('.',)
[2018-03-10 21:14:15,573] multiqc.modules.theta2.theta2                      [DEBUG  ]  Could not find any reports in ('.',)
[2018-03-10 21:14:15,581] multiqc.modules.snpeff.snpeff                      [DEBUG  ]  Could not find any data in ('.',)
[2018-03-10 21:14:15,589] multiqc.modules.gatk.gatk                          [DEBUG  ]  Could not find any reports in ('.',)
[2018-03-10 21:14:15,596] multiqc.modules.htseq.htseq                        [DEBUG  ]  Could not find any reports in ('.',)
[2018-03-10 21:14:15,605] multiqc.modules.bcftools.bcftools                  [DEBUG  ]  Could not find any reports in ('.',)
[2018-03-10 21:14:15,615] multiqc.modules.featureCounts.feature_counts       [DEBUG  ]  Could not find any reports in ('.',)
[2018-03-10 21:14:15,633] multiqc.modules.picard.picard                      [DEBUG  ]  Could not find any reports in ('.',)
[2018-03-10 21:14:15,644] multiqc.modules.prokka.prokka                      [DEBUG  ]  Could not find any Prokka data in ('.',)
[2018-03-10 21:14:15,651] multiqc.modules.samblaster.samblaster              [DEBUG  ]  Could not find any data in ('.',)
[2018-03-10 21:14:15,664] multiqc.modules.samtools.samtools                  [DEBUG  ]  Could not find any reports in ('.',)
[2018-03-10 21:14:15,676] multiqc.modules.bamtools.bamtools                  [DEBUG  ]  Could not find any reports in ('.',)
[2018-03-10 21:14:15,685] multiqc.modules.jellyfish.jellyfish                [DEBUG  ]  Could not find any data in ('.',)
[2018-03-10 21:14:15,697] multiqc.modules.vcftools.vcftools                  [DEBUG  ]  Could not find any reports in ('.',)
[2018-03-10 21:14:15,705] multiqc.modules.bismark.bismark                    [DEBUG  ]  Could not find any reports in ('.',)
[2018-03-10 21:14:15,715] multiqc.modules.hicup.hicup                        [DEBUG  ]  Could not find any HiCUP data in ('.',)
[2018-03-10 21:14:15,722] multiqc.modules.salmon.salmon                      [DEBUG  ]  Could not find any Salmon data in ('.',)
[2018-03-10 21:14:15,731] multiqc.modules.kallisto.kallisto                  [DEBUG  ]  Could not find any reports in ('.',)
[2018-03-10 21:14:15,740] multiqc.modules.slamdunk.slamdunk                  [DEBUG  ]  No slamdunk reports found.
[2018-03-10 21:14:15,749] multiqc.modules.star.star                          [DEBUG  ]  Could not find any reports in ('.',)
[2018-03-10 21:14:15,758] multiqc.modules.hisat2.hisat2                      [DEBUG  ]  Could not find any reports in ('.',)
[2018-03-10 21:14:15,767] multiqc.modules.tophat.tophat                      [DEBUG  ]  Could not find any reports in ('.',)
[2018-03-10 21:14:15,775] multiqc.modules.bowtie2.bowtie2                    [DEBUG  ]  Could not find any reports in ('.',)
[2018-03-10 21:14:15,785] multiqc.modules.bowtie1.bowtie1                    [DEBUG  ]  Could not find any reports in ('.',)
[2018-03-10 21:14:15,792] multiqc.modules.leehom.leehom                      [DEBUG  ]  Could not find any reports in ('.',)
[2018-03-10 21:14:15,800] multiqc.modules.adapterRemoval.adapterRemoval      [DEBUG  ]  Could not find any reports in ('.',)
[2018-03-10 21:14:15,808] multiqc.modules.cutadapt.cutadapt                  [DEBUG  ]  Could not find any reports in ('.',)
[2018-03-10 21:14:15,817] multiqc.modules.flexbar.flexbar                    [DEBUG  ]  Could not find any Flexbar data in ('.',)
[2018-03-10 21:14:15,826] multiqc.modules.trimmomatic.trimmomatic            [DEBUG  ]  Could not find any Trimmomatic data in ('.',)
[2018-03-10 21:14:15,838] multiqc.modules.skewer.skewer                      [DEBUG  ]  Could not find any data in ('.',)
[2018-03-10 21:14:15,846] multiqc.modules.sortmerna.sortmerna                [DEBUG  ]  Could not find any SortMeRNA data in ('.',)
[2018-03-10 21:14:15,853] multiqc.modules.biobloomtools.biobloomtools        [DEBUG  ]  Could not find any reports in ('.',)
[2018-03-10 21:14:15,861] multiqc.modules.fastq_screen.fastq_screen          [DEBUG  ]  Could not find any reports in ('.',)
[2018-03-10 21:14:15,909] multiqc.modules.fastqc.fastqc                      [INFO   ]  Found 8 reports
[2018-03-10 21:14:16,090] multiqc.modules.clusterflow.clusterflow            [DEBUG  ]  Could not find any reports in ('.',)
[2018-03-10 21:14:16,098] multiqc.modules.bcl2fastq.bcl2fastq                [DEBUG  ]  Could not find any bcl2fastq data in ('.',)
[2018-03-10 21:14:16,124] multiqc                                            [INFO   ]  Compressing plot data
[2018-03-10 21:14:16,374] multiqc                                            [INFO   ]  Report      : multiqc_report.html
[2018-03-10 21:14:16,374] multiqc                                            [INFO   ]  Data        : multiqc_data
[2018-03-10 21:14:16,375] multiqc                                            [DEBUG  ]  Moving data file from '/tmp/tmppppdz7mj/multiqc_data/multiqc_fastqc.txt' to '/homes/schweike/genomes/human/Epigenomics/EpiCourse2018_Data/Bowtie2/multiqc_data'
[2018-03-10 21:14:16,377] multiqc                                            [DEBUG  ]  Moving data file from '/tmp/tmppppdz7mj/multiqc_data/multiqc_general_stats.txt' to '/homes/schweike/genomes/human/Epigenomics/EpiCourse2018_Data/Bowtie2/multiqc_data'
[2018-03-10 21:14:16,379] multiqc                                            [DEBUG  ]  Moving data file from '/tmp/tmppppdz7mj/multiqc_data/multiqc_sources.txt' to '/homes/schweike/genomes/human/Epigenomics/EpiCourse2018_Data/Bowtie2/multiqc_data'
[2018-03-10 21:14:16,685] multiqc                                            [INFO   ]  MultiQC complete
